<?xml version="1.0" encoding="UTF-8"?>
<!-- Generated by org.testng.reporters.JUnitXMLReporter -->
<testsuite ignored="0" hostname="DESKTOP-76MRH74" failures="5" tests="5" name="Test" time="232.048" errors="0" timestamp="2023-11-21T12:09:25 IST">
  <testcase classname="Docker.dockerwithchrome" name="chrometest" time="80.867">
    <failure type="org.openqa.selenium.SessionNotCreatedException" message="Could not start a new session. Response code 500. Message: Could not start a new session. Could not start a new session. Error while creating session with the driver service. Stopping driver service: Could not start a new session. Response code 500. Message: session not created: DevToolsActivePort file doesn&amp;apos;t exist 
Host info: host: &amp;apos;e703d839f162&amp;apos;, ip: &amp;apos;172.22.0.5&amp;apos;
Build info: version: &amp;apos;4.14.1&amp;apos;, revision: &amp;apos;03f8ede370&amp;apos;
System info: os.name: &amp;apos;Linux&amp;apos;, os.arch: &amp;apos;amd64&amp;apos;, os.version: &amp;apos;5.15.133.1-microsoft-standard-WSL2&amp;apos;, java.version: &amp;apos;11.0.20.1&amp;apos;
Driver info: driver.version: unknown
Build info: version: &amp;apos;4.14.1&amp;apos;, revision: &amp;apos;03f8ede370&amp;apos;
System info: os.name: &amp;apos;Linux&amp;apos;, os.arch: &amp;apos;amd64&amp;apos;, os.version: &amp;apos;5.15.133.1-microsoft-standard-WSL2&amp;apos;, java.version: &amp;apos;11.0.20.1&amp;apos;
Driver info: driver.version: unknown
Build info: version: &amp;apos;4.14.1&amp;apos;, revision: &amp;apos;03f8ede370&amp;apos;
System info: os.name: &amp;apos;Linux&amp;apos;, os.arch: &amp;apos;amd64&amp;apos;, os.version: &amp;apos;5.15.133.1-microsoft-standard-WSL2&amp;apos;, java.version: &amp;apos;11.0.20.1&amp;apos;
Driver info: driver.version: unknown
Build info: version: &amp;apos;4.14.1&amp;apos;, revision: &amp;apos;03f8ede370&amp;apos;
System info: os.name: &amp;apos;Windows 10&amp;apos;, os.arch: &amp;apos;amd64&amp;apos;, os.version: &amp;apos;10.0&amp;apos;, java.version: &amp;apos;17.0.9&amp;apos;
Driver info: org.openqa.selenium.remote.RemoteWebDriver
Command: [null, newSession {capabilities=[Capabilities {browserName: chrome, goog:chromeOptions: {args: [], extensions: []}}]}]
Capabilities {browserName: chrome, goog:chromeOptions: {args: [], extensions: []}}">
      <![CDATA[org.openqa.selenium.SessionNotCreatedException: Could not start a new session. Response code 500. Message: Could not start a new session. Could not start a new session. Error while creating session with the driver service. Stopping driver service: Could not start a new session. Response code 500. Message: session not created: DevToolsActivePort file doesn't exist 
Host info: host: 'e703d839f162', ip: '172.22.0.5'
Build info: version: '4.14.1', revision: '03f8ede370'
System info: os.name: 'Linux', os.arch: 'amd64', os.version: '5.15.133.1-microsoft-standard-WSL2', java.version: '11.0.20.1'
Driver info: driver.version: unknown
Build info: version: '4.14.1', revision: '03f8ede370'
System info: os.name: 'Linux', os.arch: 'amd64', os.version: '5.15.133.1-microsoft-standard-WSL2', java.version: '11.0.20.1'
Driver info: driver.version: unknown
Build info: version: '4.14.1', revision: '03f8ede370'
System info: os.name: 'Linux', os.arch: 'amd64', os.version: '5.15.133.1-microsoft-standard-WSL2', java.version: '11.0.20.1'
Driver info: driver.version: unknown
Build info: version: '4.14.1', revision: '03f8ede370'
System info: os.name: 'Windows 10', os.arch: 'amd64', os.version: '10.0', java.version: '17.0.9'
Driver info: org.openqa.selenium.remote.RemoteWebDriver
Command: [null, newSession {capabilities=[Capabilities {browserName: chrome, goog:chromeOptions: {args: [], extensions: []}}]}]
Capabilities {browserName: chrome, goog:chromeOptions: {args: [], extensions: []}}
at org.openqa.selenium.remote.ProtocolHandshake.createSession(ProtocolHandshake.java:140)
at org.openqa.selenium.remote.ProtocolHandshake.createSession(ProtocolHandshake.java:96)
at org.openqa.selenium.remote.ProtocolHandshake.createSession(ProtocolHandshake.java:68)
at org.openqa.selenium.remote.HttpCommandExecutor.execute(HttpCommandExecutor.java:163)
at org.openqa.selenium.remote.TracedCommandExecutor.execute(TracedCommandExecutor.java:51)
at org.openqa.selenium.remote.RemoteWebDriver.execute(RemoteWebDriver.java:602)
at org.openqa.selenium.remote.RemoteWebDriver.startSession(RemoteWebDriver.java:236)
at org.openqa.selenium.remote.RemoteWebDriver.<init>(RemoteWebDriver.java:163)
at org.openqa.selenium.remote.RemoteWebDriver.<init>(RemoteWebDriver.java:143)
at Docker.dockerwithchrome.chrometest(dockerwithchrome.java:29)
at java.base/java.util.concurrent.ThreadPoolExecutor.runWorker(ThreadPoolExecutor.java:1136)
at java.base/java.util.concurrent.ThreadPoolExecutor$Worker.run(ThreadPoolExecutor.java:635)
at java.base/java.lang.Thread.run(Thread.java:842)
... Removed 12 stack frames]]>
    </failure>
  </testcase> <!-- chrometest -->
  <testcase classname="Docker.dockerwithedge" name="edgetest" time="81.828">
    <failure type="org.openqa.selenium.SessionNotCreatedException" message="Could not start a new session. Response code 500. Message: Could not start a new session. Could not start a new session. Error while creating session with the driver service. Stopping driver service: Could not start a new session. Response code 500. Message: session not created: DevToolsActivePort file doesn&amp;apos;t exist 
Host info: host: &amp;apos;fb15c6232184&amp;apos;, ip: &amp;apos;172.22.0.4&amp;apos;
Build info: version: &amp;apos;4.14.1&amp;apos;, revision: &amp;apos;03f8ede370&amp;apos;
System info: os.name: &amp;apos;Linux&amp;apos;, os.arch: &amp;apos;amd64&amp;apos;, os.version: &amp;apos;5.15.133.1-microsoft-standard-WSL2&amp;apos;, java.version: &amp;apos;11.0.20.1&amp;apos;
Driver info: driver.version: unknown
Build info: version: &amp;apos;4.14.1&amp;apos;, revision: &amp;apos;03f8ede370&amp;apos;
System info: os.name: &amp;apos;Linux&amp;apos;, os.arch: &amp;apos;amd64&amp;apos;, os.version: &amp;apos;5.15.133.1-microsoft-standard-WSL2&amp;apos;, java.version: &amp;apos;11.0.20.1&amp;apos;
Driver info: driver.version: unknown
Build info: version: &amp;apos;4.14.1&amp;apos;, revision: &amp;apos;03f8ede370&amp;apos;
System info: os.name: &amp;apos;Linux&amp;apos;, os.arch: &amp;apos;amd64&amp;apos;, os.version: &amp;apos;5.15.133.1-microsoft-standard-WSL2&amp;apos;, java.version: &amp;apos;11.0.20.1&amp;apos;
Driver info: driver.version: unknown
Build info: version: &amp;apos;4.14.1&amp;apos;, revision: &amp;apos;03f8ede370&amp;apos;
System info: os.name: &amp;apos;Windows 10&amp;apos;, os.arch: &amp;apos;amd64&amp;apos;, os.version: &amp;apos;10.0&amp;apos;, java.version: &amp;apos;17.0.9&amp;apos;
Driver info: org.openqa.selenium.remote.RemoteWebDriver
Command: [null, newSession {capabilities=[Capabilities {browserName: MicrosoftEdge, ms:edgeOptions: {args: [], extensions: []}}]}]
Capabilities {browserName: MicrosoftEdge, ms:edgeOptions: {args: [], extensions: []}}">
      <![CDATA[org.openqa.selenium.SessionNotCreatedException: Could not start a new session. Response code 500. Message: Could not start a new session. Could not start a new session. Error while creating session with the driver service. Stopping driver service: Could not start a new session. Response code 500. Message: session not created: DevToolsActivePort file doesn't exist 
Host info: host: 'fb15c6232184', ip: '172.22.0.4'
Build info: version: '4.14.1', revision: '03f8ede370'
System info: os.name: 'Linux', os.arch: 'amd64', os.version: '5.15.133.1-microsoft-standard-WSL2', java.version: '11.0.20.1'
Driver info: driver.version: unknown
Build info: version: '4.14.1', revision: '03f8ede370'
System info: os.name: 'Linux', os.arch: 'amd64', os.version: '5.15.133.1-microsoft-standard-WSL2', java.version: '11.0.20.1'
Driver info: driver.version: unknown
Build info: version: '4.14.1', revision: '03f8ede370'
System info: os.name: 'Linux', os.arch: 'amd64', os.version: '5.15.133.1-microsoft-standard-WSL2', java.version: '11.0.20.1'
Driver info: driver.version: unknown
Build info: version: '4.14.1', revision: '03f8ede370'
System info: os.name: 'Windows 10', os.arch: 'amd64', os.version: '10.0', java.version: '17.0.9'
Driver info: org.openqa.selenium.remote.RemoteWebDriver
Command: [null, newSession {capabilities=[Capabilities {browserName: MicrosoftEdge, ms:edgeOptions: {args: [], extensions: []}}]}]
Capabilities {browserName: MicrosoftEdge, ms:edgeOptions: {args: [], extensions: []}}
at org.openqa.selenium.remote.ProtocolHandshake.createSession(ProtocolHandshake.java:140)
at org.openqa.selenium.remote.ProtocolHandshake.createSession(ProtocolHandshake.java:96)
at org.openqa.selenium.remote.ProtocolHandshake.createSession(ProtocolHandshake.java:68)
at org.openqa.selenium.remote.HttpCommandExecutor.execute(HttpCommandExecutor.java:163)
at org.openqa.selenium.remote.TracedCommandExecutor.execute(TracedCommandExecutor.java:51)
at org.openqa.selenium.remote.RemoteWebDriver.execute(RemoteWebDriver.java:602)
at org.openqa.selenium.remote.RemoteWebDriver.startSession(RemoteWebDriver.java:236)
at org.openqa.selenium.remote.RemoteWebDriver.<init>(RemoteWebDriver.java:163)
at org.openqa.selenium.remote.RemoteWebDriver.<init>(RemoteWebDriver.java:143)
at Docker.dockerwithedge.edgetest(dockerwithedge.java:30)
at java.base/java.util.concurrent.ThreadPoolExecutor.runWorker(ThreadPoolExecutor.java:1136)
at java.base/java.util.concurrent.ThreadPoolExecutor$Worker.run(ThreadPoolExecutor.java:635)
at java.base/java.lang.Thread.run(Thread.java:842)
... Removed 12 stack frames]]>
    </failure>
  </testcase> <!-- edgetest -->
  <testcase classname="Docker.dockerwithAndroidmobile" name="testmobileview" time="142.507">
    <failure type="org.openqa.selenium.SessionNotCreatedException" message="Could not start a new session. Response code 500. Message: Could not start a new session. Could not start a new session. Error while creating session with the driver service. Stopping driver service: Could not start a new session. Response code 500. Message: session not created: DevToolsActivePort file doesn&amp;apos;t exist 
Host info: host: &amp;apos;e703d839f162&amp;apos;, ip: &amp;apos;172.22.0.5&amp;apos;
Build info: version: &amp;apos;4.14.1&amp;apos;, revision: &amp;apos;03f8ede370&amp;apos;
System info: os.name: &amp;apos;Linux&amp;apos;, os.arch: &amp;apos;amd64&amp;apos;, os.version: &amp;apos;5.15.133.1-microsoft-standard-WSL2&amp;apos;, java.version: &amp;apos;11.0.20.1&amp;apos;
Driver info: driver.version: unknown
Build info: version: &amp;apos;4.14.1&amp;apos;, revision: &amp;apos;03f8ede370&amp;apos;
System info: os.name: &amp;apos;Linux&amp;apos;, os.arch: &amp;apos;amd64&amp;apos;, os.version: &amp;apos;5.15.133.1-microsoft-standard-WSL2&amp;apos;, java.version: &amp;apos;11.0.20.1&amp;apos;
Driver info: driver.version: unknown
Build info: version: &amp;apos;4.14.1&amp;apos;, revision: &amp;apos;03f8ede370&amp;apos;
System info: os.name: &amp;apos;Linux&amp;apos;, os.arch: &amp;apos;amd64&amp;apos;, os.version: &amp;apos;5.15.133.1-microsoft-standard-WSL2&amp;apos;, java.version: &amp;apos;11.0.20.1&amp;apos;
Driver info: driver.version: unknown
Build info: version: &amp;apos;4.14.1&amp;apos;, revision: &amp;apos;03f8ede370&amp;apos;
System info: os.name: &amp;apos;Windows 10&amp;apos;, os.arch: &amp;apos;amd64&amp;apos;, os.version: &amp;apos;10.0&amp;apos;, java.version: &amp;apos;17.0.9&amp;apos;
Driver info: org.openqa.selenium.remote.RemoteWebDriver
Command: [null, newSession {capabilities=[Capabilities {browserName: chrome, goog:chromeOptions: {args: [], extensions: [], mobileEmulation: {deviceName: Nexus 5}}}]}]
Capabilities {browserName: chrome, goog:chromeOptions: {args: [], extensions: [], mobileEmulation: {deviceName: Nexus 5}}}">
      <![CDATA[org.openqa.selenium.SessionNotCreatedException: Could not start a new session. Response code 500. Message: Could not start a new session. Could not start a new session. Error while creating session with the driver service. Stopping driver service: Could not start a new session. Response code 500. Message: session not created: DevToolsActivePort file doesn't exist 
Host info: host: 'e703d839f162', ip: '172.22.0.5'
Build info: version: '4.14.1', revision: '03f8ede370'
System info: os.name: 'Linux', os.arch: 'amd64', os.version: '5.15.133.1-microsoft-standard-WSL2', java.version: '11.0.20.1'
Driver info: driver.version: unknown
Build info: version: '4.14.1', revision: '03f8ede370'
System info: os.name: 'Linux', os.arch: 'amd64', os.version: '5.15.133.1-microsoft-standard-WSL2', java.version: '11.0.20.1'
Driver info: driver.version: unknown
Build info: version: '4.14.1', revision: '03f8ede370'
System info: os.name: 'Linux', os.arch: 'amd64', os.version: '5.15.133.1-microsoft-standard-WSL2', java.version: '11.0.20.1'
Driver info: driver.version: unknown
Build info: version: '4.14.1', revision: '03f8ede370'
System info: os.name: 'Windows 10', os.arch: 'amd64', os.version: '10.0', java.version: '17.0.9'
Driver info: org.openqa.selenium.remote.RemoteWebDriver
Command: [null, newSession {capabilities=[Capabilities {browserName: chrome, goog:chromeOptions: {args: [], extensions: [], mobileEmulation: {deviceName: Nexus 5}}}]}]
Capabilities {browserName: chrome, goog:chromeOptions: {args: [], extensions: [], mobileEmulation: {deviceName: Nexus 5}}}
at org.openqa.selenium.remote.ProtocolHandshake.createSession(ProtocolHandshake.java:140)
at org.openqa.selenium.remote.ProtocolHandshake.createSession(ProtocolHandshake.java:96)
at org.openqa.selenium.remote.ProtocolHandshake.createSession(ProtocolHandshake.java:68)
at org.openqa.selenium.remote.HttpCommandExecutor.execute(HttpCommandExecutor.java:163)
at org.openqa.selenium.remote.TracedCommandExecutor.execute(TracedCommandExecutor.java:51)
at org.openqa.selenium.remote.RemoteWebDriver.execute(RemoteWebDriver.java:602)
at org.openqa.selenium.remote.RemoteWebDriver.startSession(RemoteWebDriver.java:236)
at org.openqa.selenium.remote.RemoteWebDriver.<init>(RemoteWebDriver.java:163)
at org.openqa.selenium.remote.RemoteWebDriver.<init>(RemoteWebDriver.java:143)
at Docker.dockerwithAndroidmobile.testmobileview(dockerwithAndroidmobile.java:36)
at java.base/java.util.concurrent.ThreadPoolExecutor.runWorker(ThreadPoolExecutor.java:1136)
at java.base/java.util.concurrent.ThreadPoolExecutor$Worker.run(ThreadPoolExecutor.java:635)
at java.base/java.lang.Thread.run(Thread.java:842)
... Removed 12 stack frames]]>
    </failure>
  </testcase> <!-- testmobileview -->
  <testcase classname="Docker.dockerwithfirefox" name="firefoxtest" time="148.938">
    <failure type="org.openqa.selenium.SessionNotCreatedException" message="Could not start a new session. Response code 500. Message: Could not start a new session. Could not start a new session. Error while creating session with the driver service. Stopping driver service: Could not start a new session. Response code 500. Message: Failed to read marionette port 
Host info: host: &amp;apos;8d369181b11e&amp;apos;, ip: &amp;apos;172.22.0.3&amp;apos;
Build info: version: &amp;apos;4.14.1&amp;apos;, revision: &amp;apos;03f8ede370&amp;apos;
System info: os.name: &amp;apos;Linux&amp;apos;, os.arch: &amp;apos;amd64&amp;apos;, os.version: &amp;apos;5.15.133.1-microsoft-standard-WSL2&amp;apos;, java.version: &amp;apos;11.0.20.1&amp;apos;
Driver info: driver.version: unknown
Build info: version: &amp;apos;4.14.1&amp;apos;, revision: &amp;apos;03f8ede370&amp;apos;
System info: os.name: &amp;apos;Linux&amp;apos;, os.arch: &amp;apos;amd64&amp;apos;, os.version: &amp;apos;5.15.133.1-microsoft-standard-WSL2&amp;apos;, java.version: &amp;apos;11.0.20.1&amp;apos;
Driver info: driver.version: unknown
Build info: version: &amp;apos;4.14.1&amp;apos;, revision: &amp;apos;03f8ede370&amp;apos;
System info: os.name: &amp;apos;Linux&amp;apos;, os.arch: &amp;apos;amd64&amp;apos;, os.version: &amp;apos;5.15.133.1-microsoft-standard-WSL2&amp;apos;, java.version: &amp;apos;11.0.20.1&amp;apos;
Driver info: driver.version: unknown
Build info: version: &amp;apos;4.14.1&amp;apos;, revision: &amp;apos;03f8ede370&amp;apos;
System info: os.name: &amp;apos;Windows 10&amp;apos;, os.arch: &amp;apos;amd64&amp;apos;, os.version: &amp;apos;10.0&amp;apos;, java.version: &amp;apos;17.0.9&amp;apos;
Driver info: org.openqa.selenium.remote.RemoteWebDriver
Command: [null, newSession {capabilities=[Capabilities {acceptInsecureCerts: true, browserName: firefox, moz:debuggerAddress: true, moz:firefoxOptions: {}}]}]
Capabilities {acceptInsecureCerts: true, browserName: firefox, moz:debuggerAddress: true, moz:firefoxOptions: {}}">
      <![CDATA[org.openqa.selenium.SessionNotCreatedException: Could not start a new session. Response code 500. Message: Could not start a new session. Could not start a new session. Error while creating session with the driver service. Stopping driver service: Could not start a new session. Response code 500. Message: Failed to read marionette port 
Host info: host: '8d369181b11e', ip: '172.22.0.3'
Build info: version: '4.14.1', revision: '03f8ede370'
System info: os.name: 'Linux', os.arch: 'amd64', os.version: '5.15.133.1-microsoft-standard-WSL2', java.version: '11.0.20.1'
Driver info: driver.version: unknown
Build info: version: '4.14.1', revision: '03f8ede370'
System info: os.name: 'Linux', os.arch: 'amd64', os.version: '5.15.133.1-microsoft-standard-WSL2', java.version: '11.0.20.1'
Driver info: driver.version: unknown
Build info: version: '4.14.1', revision: '03f8ede370'
System info: os.name: 'Linux', os.arch: 'amd64', os.version: '5.15.133.1-microsoft-standard-WSL2', java.version: '11.0.20.1'
Driver info: driver.version: unknown
Build info: version: '4.14.1', revision: '03f8ede370'
System info: os.name: 'Windows 10', os.arch: 'amd64', os.version: '10.0', java.version: '17.0.9'
Driver info: org.openqa.selenium.remote.RemoteWebDriver
Command: [null, newSession {capabilities=[Capabilities {acceptInsecureCerts: true, browserName: firefox, moz:debuggerAddress: true, moz:firefoxOptions: {}}]}]
Capabilities {acceptInsecureCerts: true, browserName: firefox, moz:debuggerAddress: true, moz:firefoxOptions: {}}
at org.openqa.selenium.remote.ProtocolHandshake.createSession(ProtocolHandshake.java:140)
at org.openqa.selenium.remote.ProtocolHandshake.createSession(ProtocolHandshake.java:96)
at org.openqa.selenium.remote.ProtocolHandshake.createSession(ProtocolHandshake.java:68)
at org.openqa.selenium.remote.HttpCommandExecutor.execute(HttpCommandExecutor.java:163)
at org.openqa.selenium.remote.TracedCommandExecutor.execute(TracedCommandExecutor.java:51)
at org.openqa.selenium.remote.RemoteWebDriver.execute(RemoteWebDriver.java:602)
at org.openqa.selenium.remote.RemoteWebDriver.startSession(RemoteWebDriver.java:236)
at org.openqa.selenium.remote.RemoteWebDriver.<init>(RemoteWebDriver.java:163)
at org.openqa.selenium.remote.RemoteWebDriver.<init>(RemoteWebDriver.java:143)
at Docker.dockerwithfirefox.firefoxtest(dockerwithfirefox.java:31)
at java.base/java.util.concurrent.ThreadPoolExecutor.runWorker(ThreadPoolExecutor.java:1136)
at java.base/java.util.concurrent.ThreadPoolExecutor$Worker.run(ThreadPoolExecutor.java:635)
at java.base/java.lang.Thread.run(Thread.java:842)
... Removed 12 stack frames]]>
    </failure>
  </testcase> <!-- firefoxtest -->
  <testcase classname="Docker.dockerwithIOSmobile" name="testmobileview" time="181.712">
    <failure type="org.openqa.selenium.SessionNotCreatedException" message="Could not start a new session. Possible causes are invalid address of the remote server or browser start-up failure. 
Host info: host: &amp;apos;DESKTOP-76MRH74&amp;apos;, ip: &amp;apos;192.168.29.77&amp;apos;">
      <![CDATA[org.openqa.selenium.SessionNotCreatedException: Could not start a new session. Possible causes are invalid address of the remote server or browser start-up failure. 
Host info: host: 'DESKTOP-76MRH74', ip: '192.168.29.77'
at org.openqa.selenium.remote.RemoteWebDriver.execute(RemoteWebDriver.java:620)
at org.openqa.selenium.remote.RemoteWebDriver.startSession(RemoteWebDriver.java:236)
at org.openqa.selenium.remote.RemoteWebDriver.<init>(RemoteWebDriver.java:163)
at org.openqa.selenium.remote.RemoteWebDriver.<init>(RemoteWebDriver.java:143)
at Docker.dockerwithIOSmobile.testmobileview(dockerwithIOSmobile.java:37)
at java.base/java.util.concurrent.ThreadPoolExecutor.runWorker(ThreadPoolExecutor.java:1136)
at java.base/java.util.concurrent.ThreadPoolExecutor$Worker.run(ThreadPoolExecutor.java:635)
at java.base/java.lang.Thread.run(Thread.java:842)
Caused by: org.openqa.selenium.TimeoutException: java.util.concurrent.TimeoutException
Build info: version: '4.14.1', revision: '03f8ede370'
System info: os.name: 'Windows 10', os.arch: 'amd64', os.version: '10.0', java.version: '17.0.9'
Driver info: driver.version: RemoteWebDriver
at org.openqa.selenium.remote.http.jdk.JdkHttpClient.execute0(JdkHttpClient.java:403)
at org.openqa.selenium.remote.http.AddSeleniumUserAgent.lambda$apply$0(AddSeleniumUserAgent.java:42)
at org.openqa.selenium.remote.http.Filter.lambda$andFinally$1(Filter.java:55)
at org.openqa.selenium.remote.http.jdk.JdkHttpClient.execute(JdkHttpClient.java:359)
at org.openqa.selenium.remote.tracing.TracedHttpClient.execute(TracedHttpClient.java:54)
at org.openqa.selenium.remote.ProtocolHandshake.createSession(ProtocolHandshake.java:115)
at org.openqa.selenium.remote.ProtocolHandshake.createSession(ProtocolHandshake.java:96)
at org.openqa.selenium.remote.ProtocolHandshake.createSession(ProtocolHandshake.java:68)
at org.openqa.selenium.remote.HttpCommandExecutor.execute(HttpCommandExecutor.java:163)
at org.openqa.selenium.remote.TracedCommandExecutor.execute(TracedCommandExecutor.java:51)
at org.openqa.selenium.remote.RemoteWebDriver.execute(RemoteWebDriver.java:602)
... 19 more
Caused by: java.util.concurrent.TimeoutException
at java.base/java.util.concurrent.CompletableFuture.timedGet(CompletableFuture.java:1960)
at java.base/java.util.concurrent.CompletableFuture.get(CompletableFuture.java:2095)
at org.openqa.selenium.remote.http.jdk.JdkHttpClient.execute0(JdkHttpClient.java:386)
... 29 more
... Removed 12 stack frames]]>
    </failure>
  </testcase> <!-- testmobileview -->
</testsuite> <!-- Test -->
