<?xml version="1.0" encoding="UTF-8"?>
<!-- Generated by org.testng.reporters.JUnitXMLReporter -->
<testsuite ignored="0" hostname="Jarvis" failures="0" tests="3" name="Test" time="81.764" errors="0" timestamp="2023-10-23T19:11:55 IST">
  <testcase classname="Docker.dockerwithchrome" name="chrometest" time="29.223"/>
  <testcase classname="Docker.dockerwithedge" name="edgetest" time="34.922"/>
  <testcase classname="Docker.dockerwithfirefox" name="firefoxtest" time="41.472"/>
</testsuite> <!-- Test -->
