<?xml version="1.0" encoding="UTF-8"?>
<testng-results ignored="0" total="3" passed="3" failed="0" skipped="0">
  <reporter-output>
  </reporter-output>
  <suite started-at="2023-10-23T19:10:33 IST" name="Suite" finished-at="2023-10-23T19:11:55 IST" duration-ms="81764">
    <groups>
    </groups>
    <test started-at="2023-10-23T19:10:33 IST" name="Test" finished-at="2023-10-23T19:11:55 IST" duration-ms="81764">
      <class name="Docker.dockerwithedge">
        <test-method signature="edgetest()[pri:0, instance:Docker.dockerwithedge@1349883]" started-at="2023-10-23T19:10:58 IST" name="edgetest" finished-at="2023-10-23T19:11:33 IST" duration-ms="34922" status="PASS">
          <reporter-output>
          </reporter-output>
        </test-method> <!-- edgetest -->
      </class> <!-- Docker.dockerwithedge -->
      <class name="Docker.dockerwithfirefox">
        <test-method signature="firefoxtest()[pri:0, instance:Docker.dockerwithfirefox@4b29d1d2]" started-at="2023-10-23T19:10:58 IST" name="firefoxtest" finished-at="2023-10-23T19:11:40 IST" duration-ms="41472" status="PASS">
          <reporter-output>
          </reporter-output>
        </test-method> <!-- firefoxtest -->
      </class> <!-- Docker.dockerwithfirefox -->
      <class name="Docker.setupdockergrid">
        <test-method is-config="true" signature="startdockergrid()[pri:0, instance:Docker.setupdockergrid@75d3a5e0]" started-at="2023-10-23T19:10:33 IST" name="startdockergrid" finished-at="2023-10-23T19:10:58 IST" duration-ms="25083" status="PASS">
          <reporter-output>
          </reporter-output>
        </test-method> <!-- startdockergrid -->
        <test-method is-config="true" signature="stopdockergrid()[pri:0, instance:Docker.setupdockergrid@75d3a5e0]" started-at="2023-10-23T19:11:40 IST" name="stopdockergrid" finished-at="2023-10-23T19:11:55 IST" duration-ms="15037" status="PASS">
          <reporter-output>
          </reporter-output>
        </test-method> <!-- stopdockergrid -->
      </class> <!-- Docker.setupdockergrid -->
      <class name="Docker.dockerwithchrome">
        <test-method signature="chrometest()[pri:0, instance:Docker.dockerwithchrome@4a83a74a]" started-at="2023-10-23T19:10:58 IST" name="chrometest" finished-at="2023-10-23T19:11:27 IST" duration-ms="29223" status="PASS">
          <reporter-output>
          </reporter-output>
        </test-method> <!-- chrometest -->
      </class> <!-- Docker.dockerwithchrome -->
    </test> <!-- Test -->
  </suite> <!-- Suite -->
</testng-results>
